

Version:	3.8
CmdLine:	C:\Users\jixiaoze\Desktop\QcmMix\QcmMix.exe --l4j-debug
WOW64:		no
Working dir:	C:\Users\jixiaoze\Desktop\QcmMix\.
32-bit search:	SOFTWARE\JavaSoft\Java Runtime Environment...
Check:		SOFTWARE\JavaSoft\Java Runtime Environment\1.7
Ignore:		1.7
Check:		SOFTWARE\JavaSoft\Java Runtime Environment\1.7.0_71
Ignore:		1.7.0_71
Check:		SOFTWARE\JavaSoft\Java Runtime Environment\1.8
Ignore:		1.8
Check:		SOFTWARE\JavaSoft\Java Runtime Environment\1.8.0_31
Check launcher:	C:\Program Files\Java\jre1.8.0_31\bin\javaw.exe (OK)
Match:		1.8.0_31
32-bit search:	SOFTWARE\JavaSoft\Java Development Kit...
Check:		SOFTWARE\JavaSoft\Java Development Kit\1.7
Ignore:		1.7
Check:		SOFTWARE\JavaSoft\Java Development Kit\1.7.0_71
Ignore:		1.7.0_71
Check:		SOFTWARE\JavaSoft\Java Development Kit\1.8
Ignore:		1.8
Check:		SOFTWARE\JavaSoft\Java Development Kit\1.8.0_25
Ignore:		1.8.0_25
Runtime used:	1.8.0_31 (32-bit)
Add classpath:	C:\Users\jixiaoze\Desktop\QcmMix\lib\poi-3.7.jar
Add classpath:	C:\Users\jixiaoze\Desktop\QcmMix\lib\controlsfx-8.0.6_20.jar
Launcher:	C:\Program Files\Java\jre1.8.0_31\bin\javaw.exe
Launcher args:	-classpath "C:\Users\jixiaoze\Desktop\QcmMix\QcmMix.exe;C:\Users\jixiaoze\Desktop\QcmMix\lib\poi-3.7.jar;C:\Users\jixiaoze\Desktop\QcmMix\lib\controlsfx-8.0.6_20.jar" mainQcmMix.MainQcmMix
Args length:	188/32768 chars
Exit code:	0


Version:	3.8
CmdLine:	C:\Users\jixiaoze\Desktop\QcmMix\QcmMix.exe --l4j-debug
WOW64:		no
Working dir:	C:\Users\jixiaoze\Desktop\QcmMix\.
32-bit search:	SOFTWARE\JavaSoft\Java Runtime Environment...
Check:		SOFTWARE\JavaSoft\Java Runtime Environment\1.7
Ignore:		1.7
Check:		SOFTWARE\JavaSoft\Java Runtime Environment\1.7.0_71
Ignore:		1.7.0_71
Check:		SOFTWARE\JavaSoft\Java Runtime Environment\1.8
Ignore:		1.8
Check:		SOFTWARE\JavaSoft\Java Runtime Environment\1.8.0_31
Check launcher:	C:\Program Files\Java\jre1.8.0_31\bin\javaw.exe (OK)
Match:		1.8.0_31
32-bit search:	SOFTWARE\JavaSoft\Java Development Kit...
Check:		SOFTWARE\JavaSoft\Java Development Kit\1.7
Ignore:		1.7
Check:		SOFTWARE\JavaSoft\Java Development Kit\1.7.0_71
Ignore:		1.7.0_71
Check:		SOFTWARE\JavaSoft\Java Development Kit\1.8
Ignore:		1.8
Check:		SOFTWARE\JavaSoft\Java Development Kit\1.8.0_25
Ignore:		1.8.0_25
Runtime used:	1.8.0_31 (32-bit)
Add classpath:	C:\Users\jixiaoze\Desktop\QcmMix\lib\poi-3.7.jar
Add classpath:	C:\Users\jixiaoze\Desktop\QcmMix\lib\controlsfx-8.0.6_20.jar
Launcher:	C:\Program Files\Java\jre1.8.0_31\bin\javaw.exe
Launcher args:	-classpath "C:\Users\jixiaoze\Desktop\QcmMix\QcmMix.exe;C:\Users\jixiaoze\Desktop\QcmMix\lib\poi-3.7.jar;C:\Users\jixiaoze\Desktop\QcmMix\lib\controlsfx-8.0.6_20.jar" mainQcmMix.MainQcmMix
Args length:	188/32768 chars
Exit code:	0
